Using pre-set license
Built from '2020.3/staging' branch; Version is '2020.3.19f1 (68f137dc9bbe) revision 6877495'; Using compiler version '192528614'; Build Type 'Release'
OS: 'Windows 10 Home; OS build 19042.1288; Version 2009; 64bit' Language: 'en' Physical Memory: 16332 MB
BatchMode: 1, IsHumanControllingUs: 0, StartBugReporterOnCrash: 0, Is64bit: 1, IsPro: 0

COMMAND LINE ARGUMENTS:
C:\Program Files\2020.3.19f1\Editor\Unity.exe
-adb2
-batchMode
-noUpm
-name
AssetImportWorker0
-projectPath
C:/Users/Костя/Desktop/Unity/CrystalLogicGame/Skypunk
-logFile
Logs/AssetImportWorker0.log
-srvPort
55402
Successfully changed project path to: C:/Users/Костя/Desktop/Unity/CrystalLogicGame/Skypunk
C:/Users/Костя/Desktop/Unity/CrystalLogicGame/Skypunk
Using Asset Import Pipeline V2.
Refreshing native plugins compatible for Editor in 68.65 ms, found 3 plugins.
Preloading 0 native plugins for Editor in 0.00 ms.
Initialize engine version: 2020.3.19f1 (68f137dc9bbe)
[Subsystems] Discovering subsystems at path C:/Program Files/2020.3.19f1/Editor/Data/Resources/UnitySubsystems
[Subsystems] Discovering subsystems at path C:/Users/Костя/Desktop/Unity/CrystalLogicGame/Skypunk/Assets
GfxDevice: creating device client; threaded=0
Direct3D:
    Version:  Direct3D 11.0 [level 10.1]
    Renderer: ATI Radeon HD 4600 Series (ID=0x9498)
    Vendor:   
    VRAM:     493 MB
    Driver:   8.970.100.9001
Initialize mono
Mono path[0] = 'C:/Program Files/2020.3.19f1/Editor/Data/Managed'
Mono path[1] = 'C:/Program Files/2020.3.19f1/Editor/Data/MonoBleedingEdge/lib/mono/unityjit'
Mono config path = 'C:/Program Files/2020.3.19f1/Editor/Data/MonoBleedingEdge/etc'
Using monoOptions --debugger-agent=transport=dt_socket,embedding=1,server=y,suspend=n,address=127.0.0.1:56864
Begin MonoManager ReloadAssembly
Registering precompiled unity dll's ...
Register platform support module: C:/Program Files/2020.3.19f1/Editor/Data/PlaybackEngines/WindowsStandaloneSupport/UnityEditor.WindowsStandalone.Extensions.dll
Registered in 0.002410 seconds.
Native extension for WindowsStandalone target not found
Refreshing native plugins compatible for Editor in 69.92 ms, found 3 plugins.
Preloading 0 native plugins for Editor in 0.00 ms.
Mono: successfully reloaded assembly
- Completed reload, in  2.282 seconds
Domain Reload Profiling:
	ReloadAssembly (2282ms)
		BeginReloadAssembly (58ms)
			ExecutionOrderSort (0ms)
			DisableScriptedObjects (0ms)
			BackupInstance (0ms)
			ReleaseScriptingObjects (0ms)
			CreateAndSetChildDomain (1ms)
		EndReloadAssembly (466ms)
			LoadAssemblies (55ms)
			RebuildTransferFunctionScriptingTraits (0ms)
			SetupTypeCache (155ms)
			ReleaseScriptCaches (0ms)
			RebuildScriptCaches (31ms)
			SetupLoadedEditorAssemblies (201ms)
				LogAssemblyErrors (0ms)
				InitializePlatformSupportModulesInManaged (4ms)
				SetLoadedEditorAssemblies (0ms)
				RefreshPlugins (70ms)
				BeforeProcessingInitializeOnLoad (18ms)
				ProcessInitializeOnLoadAttributes (80ms)
				ProcessInitializeOnLoadMethodAttributes (29ms)
				AfterProcessingInitializeOnLoad (0ms)
				EditorAssembliesLoaded (0ms)
			ExecutionOrderSort2 (0ms)
			AwakeInstancesAfterBackupRestoration (0ms)
Platform modules already initialized, skipping
Registering precompiled user dll's ...
Registered in 0.004243 seconds.
Begin MonoManager ReloadAssembly
Native extension for WindowsStandalone target not found
Refreshing native plugins compatible for Editor in 70.34 ms, found 3 plugins.
Preloading 0 native plugins for Editor in 0.00 ms.
Mono: successfully reloaded assembly
- Completed reload, in  1.407 seconds
Domain Reload Profiling:
	ReloadAssembly (1408ms)
		BeginReloadAssembly (158ms)
			ExecutionOrderSort (0ms)
			DisableScriptedObjects (5ms)
			BackupInstance (0ms)
			ReleaseScriptingObjects (0ms)
			CreateAndSetChildDomain (22ms)
		EndReloadAssembly (1178ms)
			LoadAssemblies (97ms)
			RebuildTransferFunctionScriptingTraits (0ms)
			SetupTypeCache (308ms)
			ReleaseScriptCaches (1ms)
			RebuildScriptCaches (52ms)
			SetupLoadedEditorAssemblies (584ms)
				LogAssemblyErrors (0ms)
				InitializePlatformSupportModulesInManaged (4ms)
				SetLoadedEditorAssemblies (0ms)
				RefreshPlugins (70ms)
				BeforeProcessingInitializeOnLoad (91ms)
				ProcessInitializeOnLoadAttributes (396ms)
				ProcessInitializeOnLoadMethodAttributes (13ms)
				AfterProcessingInitializeOnLoad (9ms)
				EditorAssembliesLoaded (0ms)
			ExecutionOrderSort2 (0ms)
			AwakeInstancesAfterBackupRestoration (7ms)
Platform modules already initialized, skipping
========================================================================
Worker process is ready to serve import requests
Launched and connected shader compiler UnityShaderCompiler.exe after 0.06 seconds
Refreshing native plugins compatible for Editor in 0.81 ms, found 3 plugins.
Preloading 0 native plugins for Editor in 0.00 ms.
Unloading 2235 Unused Serialized files (Serialized files now loaded: 0)
System memory in use before: 100.8 MB.
System memory in use after: 100.7 MB.

Unloading 33 unused Assets to reduce memory usage. Loaded Objects now: 2672.
Total: 3.848700 ms (FindLiveObjects: 0.243900 ms CreateObjectMapping: 0.062300 ms MarkObjects: 3.339300 ms  DeleteObjects: 0.201700 ms)

AssetImportParameters requested are different than current active one (requested -> active):
  custom:framework-win-MediaFoundation: 216162199b28c13a410421893ffa2e32 -> 
  custom:video-decoder-ogg-theora: a1e56fd34408186e4bbccfd4996cb3dc -> 
  custom:container-muxer-webm: aa71ff27fc2769a1b78a27578f13a17b -> 
  custom:container-demuxer-webm: 4f35f7cbe854078d1ac9338744f61a02 -> 
  custom:container-demuxer-ogg: 62fdf1f143b41e24485cea50d1cbac27 -> 
  custom:video-encoder-webm-vp8: eb34c28f22e8b96e1ab97ce403110664 -> 
  custom:video-decoder-webm-vp8: 9c59270c3fd7afecdb556c50c9e8de78 -> 
  custom:audio-decoder-ogg-vorbis: bf7c407c2cedff20999df2af8eb42d56 -> 
  custom:audio-encoder-webm-vorbis: bf7c407c2cedff20999df2af8eb42d56 -> 
========================================================================
Received Import Request.
  path: Assets/Skypunk Resources/Sounds/NewSound.mixer
  artifactKey: Guid(dd5613115fc949346a181abeeeaf3771) Importer(815301076,1909f56bfc062723c751e8b465ee728b)
Start importing Assets/Skypunk Resources/Sounds/NewSound.mixer using Guid(dd5613115fc949346a181abeeeaf3771) Importer(815301076,1909f56bfc062723c751e8b465ee728b)  -> (artifact id: '89b695ef3811784fadae97bcb3e8e19a') in 0.042868 seconds 
  Import took 0.046927 seconds .

========================================================================
Received Import Request.
  Time since last request: 21.013621 seconds.
  path: Assets/Skypunk Resources/Sounds/NewSound.mixer
  artifactKey: Guid(dd5613115fc949346a181abeeeaf3771) Importer(815301076,1909f56bfc062723c751e8b465ee728b)
Start importing Assets/Skypunk Resources/Sounds/NewSound.mixer using Guid(dd5613115fc949346a181abeeeaf3771) Importer(815301076,1909f56bfc062723c751e8b465ee728b)  -> (artifact id: '6013c10a2880dacf94216838ed962057') in 0.005845 seconds 
  Import took 0.010055 seconds .

========================================================================
Received Import Request.
  Time since last request: 0.784756 seconds.
  path: Assets/Skypunk Resources/Sounds/NewSound.mixer
  artifactKey: Guid(dd5613115fc949346a181abeeeaf3771) Importer(815301076,1909f56bfc062723c751e8b465ee728b)
Start importing Assets/Skypunk Resources/Sounds/NewSound.mixer using Guid(dd5613115fc949346a181abeeeaf3771) Importer(815301076,1909f56bfc062723c751e8b465ee728b)  -> (artifact id: '8fd690bc021e1d882ba608192134314c') in 0.005537 seconds 
  Import took 0.010307 seconds .

========================================================================
Received Import Request.
  Time since last request: 6.120197 seconds.
  path: Assets/Skypunk Resources/Sounds/Sound.mixer
  artifactKey: Guid(1dcf337911908ad4ca0b3fca97ea8b91) Importer(815301076,1909f56bfc062723c751e8b465ee728b)
Start importing Assets/Skypunk Resources/Sounds/Sound.mixer using Guid(1dcf337911908ad4ca0b3fca97ea8b91) Importer(815301076,1909f56bfc062723c751e8b465ee728b)  -> (artifact id: '995118e87b683b1cff0ed71572fcef2e') in 0.017994 seconds 
  Import took 0.022382 seconds .

========================================================================
Received Import Request.
  Time since last request: 65.954319 seconds.
  path: Assets/Scenes/1.unity
  artifactKey: Guid(2cda990e2423bbf4892e6590ba056729) Importer(815301076,1909f56bfc062723c751e8b465ee728b)
Start importing Assets/Scenes/1.unity using Guid(2cda990e2423bbf4892e6590ba056729) Importer(815301076,1909f56bfc062723c751e8b465ee728b)  -> (artifact id: 'fdadbbd108f10d3838b62ce58c57d0f9') in 0.009846 seconds 
  Import took 0.014316 seconds .

========================================================================
Received Import Request.
  Time since last request: 131.096789 seconds.
  path: Assets/Epic Toon FX/Prefabs/Environment/Weather/Snow/SnowHard.prefab
  artifactKey: Guid(0e1226fe528fbb343bb7f9554419438d) Importer(815301076,1909f56bfc062723c751e8b465ee728b)
Start importing Assets/Epic Toon FX/Prefabs/Environment/Weather/Snow/SnowHard.prefab using Guid(0e1226fe528fbb343bb7f9554419438d) Importer(815301076,1909f56bfc062723c751e8b465ee728b)  -> (artifact id: '07caac72c279ed43ff8ce1dfcf16d348') in 0.106878 seconds 
  Import took 0.112682 seconds .

========================================================================
Received Import Request.
  Time since last request: 0.000398 seconds.
  path: Assets/Epic Toon FX/Prefabs/Environment/Weather/Snow/SnowMedium.prefab
  artifactKey: Guid(efd7d86bbe3a5314c9260efa62c04121) Importer(815301076,1909f56bfc062723c751e8b465ee728b)
Start importing Assets/Epic Toon FX/Prefabs/Environment/Weather/Snow/SnowMedium.prefab using Guid(efd7d86bbe3a5314c9260efa62c04121) Importer(815301076,1909f56bfc062723c751e8b465ee728b)  -> (artifact id: 'ac3a9bbb9a79d6379b9835f191983251') in 0.034408 seconds 
  Import took 0.039743 seconds .

========================================================================
Received Import Request.
  Time since last request: 0.000254 seconds.
  path: Assets/Epic Toon FX/Prefabs/Environment/Weather/Snow/SnowStorm.prefab
  artifactKey: Guid(f425f9c3a9f10c14e95822bcab0e646d) Importer(815301076,1909f56bfc062723c751e8b465ee728b)
Start importing Assets/Epic Toon FX/Prefabs/Environment/Weather/Snow/SnowStorm.prefab using Guid(f425f9c3a9f10c14e95822bcab0e646d) Importer(815301076,1909f56bfc062723c751e8b465ee728b)  -> (artifact id: '4e9b0eae8d83c44748c2b34849f3e2e5') in 0.040629 seconds 
  Import took 0.044869 seconds .

========================================================================
Received Import Request.
  Time since last request: 0.000260 seconds.
  path: Assets/Epic Toon FX/Prefabs/Environment/Weather/Snow/SnowSpinny.prefab
  artifactKey: Guid(e1058fc030688db448faf54f4fdaabb6) Importer(815301076,1909f56bfc062723c751e8b465ee728b)
Start importing Assets/Epic Toon FX/Prefabs/Environment/Weather/Snow/SnowSpinny.prefab using Guid(e1058fc030688db448faf54f4fdaabb6) Importer(815301076,1909f56bfc062723c751e8b465ee728b)  -> (artifact id: '19e46c232c14fc371349c7136bef6647') in 0.028205 seconds 
  Import took 0.033177 seconds .

========================================================================
Received Import Request.
  Time since last request: 0.000233 seconds.
  path: Assets/Epic Toon FX/Prefabs/Environment/Weather/Snow/SnowLight.prefab
  artifactKey: Guid(c560f8ebc8a69634caa1ce24d5eb1a56) Importer(815301076,1909f56bfc062723c751e8b465ee728b)
Start importing Assets/Epic Toon FX/Prefabs/Environment/Weather/Snow/SnowLight.prefab using Guid(c560f8ebc8a69634caa1ce24d5eb1a56) Importer(815301076,1909f56bfc062723c751e8b465ee728b)  -> (artifact id: '88119a1f294e910318c1327e13cd7650') in 0.017766 seconds 
  Import took 0.021758 seconds .

========================================================================
Received Import Request.
  Time since last request: 3.648574 seconds.
  path: Assets/Epic Toon FX/Prefabs/Environment/Weather/Snow
  artifactKey: Guid(ee5182cc758a9134b85199702101b884) Importer(815301076,1909f56bfc062723c751e8b465ee728b)
Start importing Assets/Epic Toon FX/Prefabs/Environment/Weather/Snow using Guid(ee5182cc758a9134b85199702101b884) Importer(815301076,1909f56bfc062723c751e8b465ee728b)  -> (artifact id: '1a467448525cb6501d56afd3d6798b8b') in 0.008276 seconds 
  Import took 0.012594 seconds .

========================================================================
Received Import Request.
  Time since last request: 228.376917 seconds.
  path: Assets/Epic Toon FX/Prefabs/Environment/Weather/Whirlwind.prefab
  artifactKey: Guid(e83fb83871ed1ac4d978b22b0f2a4d71) Importer(815301076,1909f56bfc062723c751e8b465ee728b)
Start importing Assets/Epic Toon FX/Prefabs/Environment/Weather/Whirlwind.prefab using Guid(e83fb83871ed1ac4d978b22b0f2a4d71) Importer(815301076,1909f56bfc062723c751e8b465ee728b)  -> (artifact id: 'cba47536d706c35cf98a99f647012edd') in 0.031795 seconds 
  Import took 0.036732 seconds .

========================================================================
Received Import Request.
  Time since last request: 2.980907 seconds.
  path: Assets/Epic Toon FX/Prefabs/Environment/Weather/Rain
  artifactKey: Guid(2272fa987319c254795fa7f73a0baaf9) Importer(815301076,1909f56bfc062723c751e8b465ee728b)
Start importing Assets/Epic Toon FX/Prefabs/Environment/Weather/Rain using Guid(2272fa987319c254795fa7f73a0baaf9) Importer(815301076,1909f56bfc062723c751e8b465ee728b)  -> (artifact id: '08b8dc1afcbd274e04c8a9dc7ccf8a8a') in 0.008337 seconds 
  Import took 0.012459 seconds .

========================================================================
Received Import Request.
  Time since last request: 0.035158 seconds.
  path: Assets/Epic Toon FX/Prefabs/Environment/Weather/Rain/RainHard.prefab
  artifactKey: Guid(7009d5780d8b4da48a9539e964da8b95) Importer(815301076,1909f56bfc062723c751e8b465ee728b)
Start importing Assets/Epic Toon FX/Prefabs/Environment/Weather/Rain/RainHard.prefab using Guid(7009d5780d8b4da48a9539e964da8b95) Importer(815301076,1909f56bfc062723c751e8b465ee728b)  -> (artifact id: '70c2dab1893e1fe32664cb38c1212a5e') in 0.025844 seconds 
  Import took 0.030673 seconds .

========================================================================
Received Import Request.
  Time since last request: 0.000274 seconds.
  path: Assets/Epic Toon FX/Prefabs/Environment/Weather/Rain/RainMedium.prefab
  artifactKey: Guid(0234b96f048070749b226cdb99fbf6e0) Importer(815301076,1909f56bfc062723c751e8b465ee728b)
Start importing Assets/Epic Toon FX/Prefabs/Environment/Weather/Rain/RainMedium.prefab using Guid(0234b96f048070749b226cdb99fbf6e0) Importer(815301076,1909f56bfc062723c751e8b465ee728b)  -> (artifact id: 'faa1be409fc3e2bc04280b587ed9d2e2') in 0.019484 seconds 
  Import took 0.023791 seconds .

========================================================================
Received Import Request.
  Time since last request: 0.000271 seconds.
  path: Assets/Epic Toon FX/Prefabs/Environment/Weather/Rain/RainLight.prefab
  artifactKey: Guid(ee96a87b53bb8b24c82f7447e9b58ba2) Importer(815301076,1909f56bfc062723c751e8b465ee728b)
Start importing Assets/Epic Toon FX/Prefabs/Environment/Weather/Rain/RainLight.prefab using Guid(ee96a87b53bb8b24c82f7447e9b58ba2) Importer(815301076,1909f56bfc062723c751e8b465ee728b)  -> (artifact id: '96018c5d48d88ef6eb36733487171ed0') in 0.017815 seconds 
  Import took 0.022202 seconds .

========================================================================
Received Import Request.
  Time since last request: 0.000243 seconds.
  path: Assets/Epic Toon FX/Prefabs/Environment/Weather/Rain/RainStorm.prefab
  artifactKey: Guid(18d653ec6ac008e43a69363f42d8c371) Importer(815301076,1909f56bfc062723c751e8b465ee728b)
Start importing Assets/Epic Toon FX/Prefabs/Environment/Weather/Rain/RainStorm.prefab using Guid(18d653ec6ac008e43a69363f42d8c371) Importer(815301076,1909f56bfc062723c751e8b465ee728b)  -> (artifact id: 'eb0ca56f2cf0e41b48419551ad4150aa') in 0.028094 seconds 
  Import took 0.032404 seconds .

========================================================================
Received Import Request.
  Time since last request: 0.000249 seconds.
  path: Assets/Epic Toon FX/Prefabs/Environment/Weather/Rain/RainSimple.prefab
  artifactKey: Guid(ffea01f7349cd8b4995a6f691bea3ae5) Importer(815301076,1909f56bfc062723c751e8b465ee728b)
Start importing Assets/Epic Toon FX/Prefabs/Environment/Weather/Rain/RainSimple.prefab using Guid(ffea01f7349cd8b4995a6f691bea3ae5) Importer(815301076,1909f56bfc062723c751e8b465ee728b)  -> (artifact id: '7029fe5cffe264f1f39ea54439a87af6') in 0.016807 seconds 
  Import took 0.020654 seconds .

AssetImportWorkerClient::OnTransportError - code=2 error=End of file
