Using pre-set license
Built from '2020.3/staging' branch; Version is '2020.3.19f1 (68f137dc9bbe) revision 6877495'; Using compiler version '192528614'; Build Type 'Release'
OS: 'Windows 10 Home; OS build 19042.1288; Version 2009; 64bit' Language: 'en' Physical Memory: 16332 MB
BatchMode: 1, IsHumanControllingUs: 0, StartBugReporterOnCrash: 0, Is64bit: 1, IsPro: 0

COMMAND LINE ARGUMENTS:
C:\Program Files\2020.3.19f1\Editor\Unity.exe
-adb2
-batchMode
-noUpm
-name
AssetImportWorker0
-projectPath
C:/Users/Костя/Desktop/Unity/CrystalLogicGame/Skypunk
-logFile
Logs/AssetImportWorker0.log
-srvPort
62743
Successfully changed project path to: C:/Users/Костя/Desktop/Unity/CrystalLogicGame/Skypunk
C:/Users/Костя/Desktop/Unity/CrystalLogicGame/Skypunk
Using Asset Import Pipeline V2.
Refreshing native plugins compatible for Editor in 79.35 ms, found 3 plugins.
Preloading 0 native plugins for Editor in 0.00 ms.
Initialize engine version: 2020.3.19f1 (68f137dc9bbe)
[Subsystems] Discovering subsystems at path C:/Program Files/2020.3.19f1/Editor/Data/Resources/UnitySubsystems
[Subsystems] Discovering subsystems at path C:/Users/Костя/Desktop/Unity/CrystalLogicGame/Skypunk/Assets
GfxDevice: creating device client; threaded=0
Direct3D:
    Version:  Direct3D 11.0 [level 10.1]
    Renderer: ATI Radeon HD 4600 Series (ID=0x9498)
    Vendor:   
    VRAM:     493 MB
    Driver:   8.970.100.9001
Initialize mono
Mono path[0] = 'C:/Program Files/2020.3.19f1/Editor/Data/Managed'
Mono path[1] = 'C:/Program Files/2020.3.19f1/Editor/Data/MonoBleedingEdge/lib/mono/unityjit'
Mono config path = 'C:/Program Files/2020.3.19f1/Editor/Data/MonoBleedingEdge/etc'
Using monoOptions --debugger-agent=transport=dt_socket,embedding=1,server=y,suspend=n,address=127.0.0.1:56088
Begin MonoManager ReloadAssembly
Registering precompiled unity dll's ...
Register platform support module: C:/Program Files/2020.3.19f1/Editor/Data/PlaybackEngines/WindowsStandaloneSupport/UnityEditor.WindowsStandalone.Extensions.dll
Registered in 0.002649 seconds.
Native extension for WindowsStandalone target not found
Refreshing native plugins compatible for Editor in 79.74 ms, found 3 plugins.
Preloading 0 native plugins for Editor in 0.00 ms.
Mono: successfully reloaded assembly
- Completed reload, in  2.494 seconds
Domain Reload Profiling:
	ReloadAssembly (2494ms)
		BeginReloadAssembly (66ms)
			ExecutionOrderSort (0ms)
			DisableScriptedObjects (0ms)
			BackupInstance (0ms)
			ReleaseScriptingObjects (0ms)
			CreateAndSetChildDomain (1ms)
		EndReloadAssembly (537ms)
			LoadAssemblies (62ms)
			RebuildTransferFunctionScriptingTraits (0ms)
			SetupTypeCache (178ms)
			ReleaseScriptCaches (0ms)
			RebuildScriptCaches (34ms)
			SetupLoadedEditorAssemblies (237ms)
				LogAssemblyErrors (0ms)
				InitializePlatformSupportModulesInManaged (5ms)
				SetLoadedEditorAssemblies (0ms)
				RefreshPlugins (80ms)
				BeforeProcessingInitializeOnLoad (21ms)
				ProcessInitializeOnLoadAttributes (96ms)
				ProcessInitializeOnLoadMethodAttributes (35ms)
				AfterProcessingInitializeOnLoad (0ms)
				EditorAssembliesLoaded (0ms)
			ExecutionOrderSort2 (0ms)
			AwakeInstancesAfterBackupRestoration (0ms)
Platform modules already initialized, skipping
Registering precompiled user dll's ...
Registered in 0.004865 seconds.
Begin MonoManager ReloadAssembly
Native extension for WindowsStandalone target not found
Refreshing native plugins compatible for Editor in 78.08 ms, found 3 plugins.
Preloading 0 native plugins for Editor in 0.00 ms.
Mono: successfully reloaded assembly
- Completed reload, in  1.590 seconds
Domain Reload Profiling:
	ReloadAssembly (1591ms)
		BeginReloadAssembly (179ms)
			ExecutionOrderSort (0ms)
			DisableScriptedObjects (6ms)
			BackupInstance (0ms)
			ReleaseScriptingObjects (0ms)
			CreateAndSetChildDomain (21ms)
		EndReloadAssembly (1330ms)
			LoadAssemblies (113ms)
			RebuildTransferFunctionScriptingTraits (0ms)
			SetupTypeCache (354ms)
			ReleaseScriptCaches (1ms)
			RebuildScriptCaches (58ms)
			SetupLoadedEditorAssemblies (648ms)
				LogAssemblyErrors (0ms)
				InitializePlatformSupportModulesInManaged (5ms)
				SetLoadedEditorAssemblies (0ms)
				RefreshPlugins (78ms)
				BeforeProcessingInitializeOnLoad (99ms)
				ProcessInitializeOnLoadAttributes (441ms)
				ProcessInitializeOnLoadMethodAttributes (15ms)
				AfterProcessingInitializeOnLoad (10ms)
				EditorAssembliesLoaded (0ms)
			ExecutionOrderSort2 (0ms)
			AwakeInstancesAfterBackupRestoration (8ms)
Platform modules already initialized, skipping
========================================================================
Worker process is ready to serve import requests
Launched and connected shader compiler UnityShaderCompiler.exe after 0.06 seconds
Refreshing native plugins compatible for Editor in 1.74 ms, found 3 plugins.
Preloading 0 native plugins for Editor in 0.00 ms.
Unloading 2235 Unused Serialized files (Serialized files now loaded: 0)
System memory in use before: 100.8 MB.
System memory in use after: 100.7 MB.

Unloading 33 unused Assets to reduce memory usage. Loaded Objects now: 2672.
Total: 4.677400 ms (FindLiveObjects: 0.368200 ms CreateObjectMapping: 0.081600 ms MarkObjects: 4.003300 ms  DeleteObjects: 0.222100 ms)

AssetImportParameters requested are different than current active one (requested -> active):
  custom:framework-win-MediaFoundation: 216162199b28c13a410421893ffa2e32 -> 
  custom:video-decoder-ogg-theora: a1e56fd34408186e4bbccfd4996cb3dc -> 
  custom:container-muxer-webm: aa71ff27fc2769a1b78a27578f13a17b -> 
  custom:container-demuxer-webm: 4f35f7cbe854078d1ac9338744f61a02 -> 
  custom:container-demuxer-ogg: 62fdf1f143b41e24485cea50d1cbac27 -> 
  custom:video-encoder-webm-vp8: eb34c28f22e8b96e1ab97ce403110664 -> 
  custom:video-decoder-webm-vp8: 9c59270c3fd7afecdb556c50c9e8de78 -> 
  custom:audio-decoder-ogg-vorbis: bf7c407c2cedff20999df2af8eb42d56 -> 
  custom:audio-encoder-webm-vorbis: bf7c407c2cedff20999df2af8eb42d56 -> 
========================================================================
Received Import Request.
  path: Assets/Scripts/Ivent.cs
  artifactKey: Guid(c894753f83c453e41a4e8b744e947a52) Importer(815301076,1909f56bfc062723c751e8b465ee728b)
Start importing Assets/Scripts/Ivent.cs using Guid(c894753f83c453e41a4e8b744e947a52) Importer(815301076,1909f56bfc062723c751e8b465ee728b)  -> (artifact id: '4e9428d5d998eda103f2cb1a5eea1df9') in 0.039393 seconds 
  Import took 0.043906 seconds .

========================================================================
Received Import Request.
  Time since last request: 67.109143 seconds.
  path: Assets/Resources/ScriptableObjects/Ivents/Vultures.asset
  artifactKey: Guid(e3d7b74a3485b3947a3359e999f3fd0a) Importer(815301076,1909f56bfc062723c751e8b465ee728b)
Start importing Assets/Resources/ScriptableObjects/Ivents/Vultures.asset using Guid(e3d7b74a3485b3947a3359e999f3fd0a) Importer(815301076,1909f56bfc062723c751e8b465ee728b)  -> (artifact id: 'f288775c3537d7d7d77d8125d27b2240') in 0.021425 seconds 
  Import took 0.025530 seconds .

========================================================================
Received Import Request.
  Time since last request: 706.342677 seconds.
  path: Assets/Resources/ScriptableObjects/Ivents/Vultures.asset
  artifactKey: Guid(e3d7b74a3485b3947a3359e999f3fd0a) Importer(815301076,1909f56bfc062723c751e8b465ee728b)
Start importing Assets/Resources/ScriptableObjects/Ivents/Vultures.asset using Guid(e3d7b74a3485b3947a3359e999f3fd0a) Importer(815301076,1909f56bfc062723c751e8b465ee728b)  -> (artifact id: '1747a316d63614fa0f7e89631ee1ec39') in 0.003907 seconds 
  Import took 0.008466 seconds .

========================================================================
Received Import Request.
  Time since last request: 0.975189 seconds.
  path: Assets/Resources/ScriptableObjects/Ivents/DeadMenTellNoLies.asset
  artifactKey: Guid(e3d7b74a3485b3947a3359e999f3fd0a) Importer(815301076,1909f56bfc062723c751e8b465ee728b)
Start importing Assets/Resources/ScriptableObjects/Ivents/DeadMenTellNoLies.asset using Guid(e3d7b74a3485b3947a3359e999f3fd0a) Importer(815301076,1909f56bfc062723c751e8b465ee728b)  -> (artifact id: '7c611125c84e09af02acc8dd26f347c5') in 0.010177 seconds 
  Import took 0.013997 seconds .

========================================================================
Received Import Request.
  Time since last request: 150.289452 seconds.
  path: Assets/Resources/ScriptableObjects/Ivents/Jack Ivents
  artifactKey: Guid(ad09870fd4d8b3f428fa010e5580e5a0) Importer(815301076,1909f56bfc062723c751e8b465ee728b)
Start importing Assets/Resources/ScriptableObjects/Ivents/Jack Ivents using Guid(ad09870fd4d8b3f428fa010e5580e5a0) Importer(815301076,1909f56bfc062723c751e8b465ee728b)  -> (artifact id: '9093a343e1f1bcd647e739744a2e89ad') in 0.009551 seconds 
  Import took 0.020353 seconds .

========================================================================
Received Import Request.
  Time since last request: 49.503678 seconds.
  path: Assets/Resources/ScriptableObjects/Ivents/Jack Ivents/DeadMenTellNoLies 1.asset
  artifactKey: Guid(f1f4fa983405e47419bde9728fab9284) Importer(815301076,1909f56bfc062723c751e8b465ee728b)
Start importing Assets/Resources/ScriptableObjects/Ivents/Jack Ivents/DeadMenTellNoLies 1.asset using Guid(f1f4fa983405e47419bde9728fab9284) Importer(815301076,1909f56bfc062723c751e8b465ee728b)  -> (artifact id: 'd845034274d2528666e826c694f2c24f') in 0.011035 seconds 
  Import took 0.015106 seconds .

========================================================================
Received Import Request.
  Time since last request: 203.783562 seconds.
  path: Assets/Resources/ScriptableObjects/Ivents/Jack Ivents/FreeChees.asset
  artifactKey: Guid(e3d7b74a3485b3947a3359e999f3fd0a) Importer(815301076,1909f56bfc062723c751e8b465ee728b)
Start importing Assets/Resources/ScriptableObjects/Ivents/Jack Ivents/FreeChees.asset using Guid(e3d7b74a3485b3947a3359e999f3fd0a) Importer(815301076,1909f56bfc062723c751e8b465ee728b)  -> (artifact id: 'f37e24401e385184c99c4fec5b54fa4d') in 0.010110 seconds 
  Import took 0.014222 seconds .

========================================================================
Received Import Request.
  Time since last request: 6.618460 seconds.
  path: Assets/Resources/ScriptableObjects/Ivents/Jack Ivents/FreeCheess.asset
  artifactKey: Guid(e3d7b74a3485b3947a3359e999f3fd0a) Importer(815301076,1909f56bfc062723c751e8b465ee728b)
Start importing Assets/Resources/ScriptableObjects/Ivents/Jack Ivents/FreeCheess.asset using Guid(e3d7b74a3485b3947a3359e999f3fd0a) Importer(815301076,1909f56bfc062723c751e8b465ee728b)  -> (artifact id: '17ace601d1e682377b1f608caa1a6b4e') in 0.010116 seconds 
  Import took 0.013964 seconds .

========================================================================
Received Import Request.
  Time since last request: 3.410571 seconds.
  path: Assets/Resources/ScriptableObjects/Ivents/Jack Ivents/FreeCheese.asset
  artifactKey: Guid(e3d7b74a3485b3947a3359e999f3fd0a) Importer(815301076,1909f56bfc062723c751e8b465ee728b)
Start importing Assets/Resources/ScriptableObjects/Ivents/Jack Ivents/FreeCheese.asset using Guid(e3d7b74a3485b3947a3359e999f3fd0a) Importer(815301076,1909f56bfc062723c751e8b465ee728b)  -> (artifact id: 'ef0f50465f532aa16bcc7fef44e6acfc') in 0.010235 seconds 
  Import took 0.014048 seconds .

========================================================================
Received Import Request.
  Time since last request: 199.393901 seconds.
  path: Assets/Resources/ScriptableObjects/Ivents/Jack Ivents/FreeMetal.asset
  artifactKey: Guid(7e214278aabd5ee479b232345f854296) Importer(815301076,1909f56bfc062723c751e8b465ee728b)
Start importing Assets/Resources/ScriptableObjects/Ivents/Jack Ivents/FreeMetal.asset using Guid(7e214278aabd5ee479b232345f854296) Importer(815301076,1909f56bfc062723c751e8b465ee728b)  -> (artifact id: 'c25bcd178696144406a33095d2514a82') in 0.010852 seconds 
  Import took 0.014737 seconds .

========================================================================
Received Import Request.
  Time since last request: 10.623542 seconds.
  path: Assets/Resources/ScriptableObjects/Ivents/Jack Ivents/EasyMetal.asset
  artifactKey: Guid(7e214278aabd5ee479b232345f854296) Importer(815301076,1909f56bfc062723c751e8b465ee728b)
Start importing Assets/Resources/ScriptableObjects/Ivents/Jack Ivents/EasyMetal.asset using Guid(7e214278aabd5ee479b232345f854296) Importer(815301076,1909f56bfc062723c751e8b465ee728b)  -> (artifact id: 'a9048300d0c53c5fca2ea583f2b454c0') in 0.009845 seconds 
  Import took 0.013863 seconds .

========================================================================
Received Import Request.
  Time since last request: 173.746723 seconds.
  path: Assets/Resources/ScriptableObjects/Ivents/Jack Ivents/DeadMenTellNoLies 1.asset
  artifactKey: Guid(f1f4fa983405e47419bde9728fab9284) Importer(815301076,1909f56bfc062723c751e8b465ee728b)
Start importing Assets/Resources/ScriptableObjects/Ivents/Jack Ivents/DeadMenTellNoLies 1.asset using Guid(f1f4fa983405e47419bde9728fab9284) Importer(815301076,1909f56bfc062723c751e8b465ee728b)  -> (artifact id: '207746eb44a0eb168f45c99ea425244b') in 0.004577 seconds 
  Import took 0.008454 seconds .

========================================================================
Received Import Request.
  Time since last request: 0.000230 seconds.
  path: Assets/Resources/ScriptableObjects/Ivents/Jack Ivents/Silhouettes.asset
  artifactKey: Guid(3926616caa77c1347ad7d32c91149796) Importer(815301076,1909f56bfc062723c751e8b465ee728b)
Start importing Assets/Resources/ScriptableObjects/Ivents/Jack Ivents/Silhouettes.asset using Guid(3926616caa77c1347ad7d32c91149796) Importer(815301076,1909f56bfc062723c751e8b465ee728b)  -> (artifact id: 'b4fab989eca0d8ce71907978f5bf4ac3') in 0.009642 seconds 
  Import took 0.013347 seconds .

========================================================================
Received Import Request.
  Time since last request: 0.000201 seconds.
  path: Assets/Resources/ScriptableObjects/Ivents/Jack Ivents/FreeCheese.asset
  artifactKey: Guid(e3d7b74a3485b3947a3359e999f3fd0a) Importer(815301076,1909f56bfc062723c751e8b465ee728b)
Start importing Assets/Resources/ScriptableObjects/Ivents/Jack Ivents/FreeCheese.asset using Guid(e3d7b74a3485b3947a3359e999f3fd0a) Importer(815301076,1909f56bfc062723c751e8b465ee728b)  -> (artifact id: '638b9ed61f6a39056514792e202da9dc') in 0.004490 seconds 
  Import took 0.008004 seconds .

========================================================================
Received Import Request.
  Time since last request: 0.000218 seconds.
  path: Assets/Resources/ScriptableObjects/Ivents/Jack Ivents/EasyMetal.asset
  artifactKey: Guid(7e214278aabd5ee479b232345f854296) Importer(815301076,1909f56bfc062723c751e8b465ee728b)
Start importing Assets/Resources/ScriptableObjects/Ivents/Jack Ivents/EasyMetal.asset using Guid(7e214278aabd5ee479b232345f854296) Importer(815301076,1909f56bfc062723c751e8b465ee728b)  -> (artifact id: '80d1fae36eeed20aaa207a36df5f56fb') in 0.004406 seconds 
  Import took 0.008040 seconds .

========================================================================
Received Import Request.
  Time since last request: 0.000219 seconds.
  path: Assets/Resources/ScriptableObjects/Ivents/Jack Ivents/EasyNavar.asset
  artifactKey: Guid(2ce5493d545204349a3bb891bcd6007c) Importer(815301076,1909f56bfc062723c751e8b465ee728b)
Start importing Assets/Resources/ScriptableObjects/Ivents/Jack Ivents/EasyNavar.asset using Guid(2ce5493d545204349a3bb891bcd6007c) Importer(815301076,1909f56bfc062723c751e8b465ee728b)  -> (artifact id: '92c89eac2cd70358de8df7079406d2a5') in 0.009469 seconds 
  Import took 0.013086 seconds .

========================================================================
Received Import Request.
  Time since last request: 30.374280 seconds.
  path: Assets/Resources/ScriptableObjects/Ivents/Jack Ivents/New Ivent.asset
  artifactKey: Guid(6f0abf97a14ebb74ca6fb22f13248050) Importer(815301076,1909f56bfc062723c751e8b465ee728b)
Start importing Assets/Resources/ScriptableObjects/Ivents/Jack Ivents/New Ivent.asset using Guid(6f0abf97a14ebb74ca6fb22f13248050) Importer(815301076,1909f56bfc062723c751e8b465ee728b)  -> (artifact id: 'db016f5b3d9d883601eef443abc8ea5e') in 0.010712 seconds 
  Import took 0.014617 seconds .

========================================================================
Received Import Request.
  Time since last request: 12.913608 seconds.
  path: Assets/Resources/ScriptableObjects/Ivents/Jack Ivents/FirstComeFirstServe.asset
  artifactKey: Guid(6f0abf97a14ebb74ca6fb22f13248050) Importer(815301076,1909f56bfc062723c751e8b465ee728b)
Start importing Assets/Resources/ScriptableObjects/Ivents/Jack Ivents/FirstComeFirstServe.asset using Guid(6f0abf97a14ebb74ca6fb22f13248050) Importer(815301076,1909f56bfc062723c751e8b465ee728b)  -> (artifact id: 'a46815f5838c33e6ad674e3585ac71d4') in 0.009204 seconds 
  Import took 0.012935 seconds .

========================================================================
Received Import Request.
  Time since last request: 89.996927 seconds.
  path: Assets/Resources/ScriptableObjects/Ivents/Jack Ivents/NightmareFuel.asset
  artifactKey: Guid(f65a53440d662144b918839960a3a9f2) Importer(815301076,1909f56bfc062723c751e8b465ee728b)
Start importing Assets/Resources/ScriptableObjects/Ivents/Jack Ivents/NightmareFuel.asset using Guid(f65a53440d662144b918839960a3a9f2) Importer(815301076,1909f56bfc062723c751e8b465ee728b)  -> (artifact id: 'bc80686d987dd0707cf657006794d596') in 0.008142 seconds 
  Import took 0.012013 seconds .

========================================================================
Received Import Request.
  Time since last request: 105.115710 seconds.
  path: Assets/Resources/ScriptableObjects/Ivents/Jack Ivents/FirstComeFirstServe.asset
  artifactKey: Guid(6f0abf97a14ebb74ca6fb22f13248050) Importer(815301076,1909f56bfc062723c751e8b465ee728b)
Start importing Assets/Resources/ScriptableObjects/Ivents/Jack Ivents/FirstComeFirstServe.asset using Guid(6f0abf97a14ebb74ca6fb22f13248050) Importer(815301076,1909f56bfc062723c751e8b465ee728b)  -> (artifact id: '2d339813ea186429a48332ada362c056') in 0.003399 seconds 
  Import took 0.007318 seconds .

========================================================================
Received Import Request.
  Time since last request: 0.000200 seconds.
  path: Assets/Resources/ScriptableObjects/Ivents/Jack Ivents/NightmareFuel.asset
  artifactKey: Guid(f65a53440d662144b918839960a3a9f2) Importer(815301076,1909f56bfc062723c751e8b465ee728b)
Start importing Assets/Resources/ScriptableObjects/Ivents/Jack Ivents/NightmareFuel.asset using Guid(f65a53440d662144b918839960a3a9f2) Importer(815301076,1909f56bfc062723c751e8b465ee728b)  -> (artifact id: '86df7cefd24dba66803d70bff0ebf564') in 0.003411 seconds 
  Import took 0.006882 seconds .

========================================================================
Received Import Request.
  Time since last request: 26.958108 seconds.
  path: Assets/Resources/ScriptableObjects/Ivents/Sputnik
  artifactKey: Guid(b1b92b6883c6f8e428b5c73ec1ab5eb6) Importer(815301076,1909f56bfc062723c751e8b465ee728b)
Start importing Assets/Resources/ScriptableObjects/Ivents/Sputnik using Guid(b1b92b6883c6f8e428b5c73ec1ab5eb6) Importer(815301076,1909f56bfc062723c751e8b465ee728b)  -> (artifact id: 'd48f82b99d4cc52378f3e47377825da2') in 0.007612 seconds 
  Import took 0.011376 seconds .

========================================================================
Received Prepare
Registering precompiled user dll's ...
Registered in 0.005311 seconds.
Begin MonoManager ReloadAssembly
Native extension for WindowsStandalone target not found
Refreshing native plugins compatible for Editor in 0.78 ms, found 3 plugins.
Preloading 0 native plugins for Editor in 0.00 ms.
Mono: successfully reloaded assembly
- Completed reload, in  1.539 seconds
Domain Reload Profiling:
	ReloadAssembly (1540ms)
		BeginReloadAssembly (159ms)
			ExecutionOrderSort (0ms)
			DisableScriptedObjects (10ms)
			BackupInstance (0ms)
			ReleaseScriptingObjects (0ms)
			CreateAndSetChildDomain (44ms)
		EndReloadAssembly (1297ms)
			LoadAssemblies (130ms)
			RebuildTransferFunctionScriptingTraits (0ms)
			SetupTypeCache (365ms)
			ReleaseScriptCaches (1ms)
			RebuildScriptCaches (55ms)
			SetupLoadedEditorAssemblies (620ms)
				LogAssemblyErrors (0ms)
				InitializePlatformSupportModulesInManaged (6ms)
				SetLoadedEditorAssemblies (1ms)
				RefreshPlugins (1ms)
				BeforeProcessingInitializeOnLoad (109ms)
				ProcessInitializeOnLoadAttributes (488ms)
				ProcessInitializeOnLoadMethodAttributes (7ms)
				AfterProcessingInitializeOnLoad (9ms)
				EditorAssembliesLoaded (0ms)
			ExecutionOrderSort2 (0ms)
			AwakeInstancesAfterBackupRestoration (14ms)
Platform modules already initialized, skipping
Refreshing native plugins compatible for Editor in 1.12 ms, found 3 plugins.
Preloading 0 native plugins for Editor in 0.00 ms.
Unloading 2226 Unused Serialized files (Serialized files now loaded: 0)
System memory in use before: 100.7 MB.
System memory in use after: 100.6 MB.

Unloading 21 unused Assets to reduce memory usage. Loaded Objects now: 2675.
Total: 5.924300 ms (FindLiveObjects: 0.277300 ms CreateObjectMapping: 0.060600 ms MarkObjects: 5.397000 ms  DeleteObjects: 0.187900 ms)

AssetImportParameters requested are different than current active one (requested -> active):
  custom:framework-win-MediaFoundation: 216162199b28c13a410421893ffa2e32 -> 
  custom:video-decoder-ogg-theora: a1e56fd34408186e4bbccfd4996cb3dc -> 
  custom:container-muxer-webm: aa71ff27fc2769a1b78a27578f13a17b -> 
  custom:container-demuxer-webm: 4f35f7cbe854078d1ac9338744f61a02 -> 
  custom:container-demuxer-ogg: 62fdf1f143b41e24485cea50d1cbac27 -> 
  custom:video-encoder-webm-vp8: eb34c28f22e8b96e1ab97ce403110664 -> 
  custom:video-decoder-webm-vp8: 9c59270c3fd7afecdb556c50c9e8de78 -> 
  custom:audio-decoder-ogg-vorbis: bf7c407c2cedff20999df2af8eb42d56 -> 
  custom:audio-encoder-webm-vorbis: bf7c407c2cedff20999df2af8eb42d56 -> 
========================================================================
Received Import Request.
  Time since last request: 619.522142 seconds.
  path: Assets/Resources/ScriptableObjects/Ivents/Jack Ivents/Links
  artifactKey: Guid(e17d731b910fa114f9efd5b07f27188d) Importer(815301076,1909f56bfc062723c751e8b465ee728b)
Start importing Assets/Resources/ScriptableObjects/Ivents/Jack Ivents/Links using Guid(e17d731b910fa114f9efd5b07f27188d) Importer(815301076,1909f56bfc062723c751e8b465ee728b)  -> (artifact id: 'a369913a6e496842afd16516fae49569') in 0.012862 seconds 
  Import took 0.017618 seconds .

========================================================================
Received Import Request.
  Time since last request: 30.603343 seconds.
  path: Assets/Resources/ScriptableObjects/Ivents/Jack Ivents/DeadMenTellNoLies 2.asset
  artifactKey: Guid(7570df9d65c594741a1dc3934a2f83b4) Importer(815301076,1909f56bfc062723c751e8b465ee728b)
Start importing Assets/Resources/ScriptableObjects/Ivents/Jack Ivents/DeadMenTellNoLies 2.asset using Guid(7570df9d65c594741a1dc3934a2f83b4) Importer(815301076,1909f56bfc062723c751e8b465ee728b)  -> (artifact id: '28985675a16911219091210f62ce025d') in 0.015270 seconds 
  Import took 0.019856 seconds .

========================================================================
Received Import Request.
  Time since last request: 1.273570 seconds.
  path: Assets/Resources/ScriptableObjects/Ivents/Jack Ivents/Links/DeadMenTellNoLies 2.asset
  artifactKey: Guid(7570df9d65c594741a1dc3934a2f83b4) Importer(815301076,1909f56bfc062723c751e8b465ee728b)
Start importing Assets/Resources/ScriptableObjects/Ivents/Jack Ivents/Links/DeadMenTellNoLies 2.asset using Guid(7570df9d65c594741a1dc3934a2f83b4) Importer(815301076,1909f56bfc062723c751e8b465ee728b)  -> (artifact id: '4a3e563973530bd7c4776f166daa58f7') in 0.003484 seconds 
  Import took 0.007326 seconds .

========================================================================
Received Import Request.
  Time since last request: 5.419821 seconds.
  path: Assets/Resources/ScriptableObjects/Ivents/Jack Ivents/Links/DeadMenTellNoLies.asset
  artifactKey: Guid(7570df9d65c594741a1dc3934a2f83b4) Importer(815301076,1909f56bfc062723c751e8b465ee728b)
Start importing Assets/Resources/ScriptableObjects/Ivents/Jack Ivents/Links/DeadMenTellNoLies.asset using Guid(7570df9d65c594741a1dc3934a2f83b4) Importer(815301076,1909f56bfc062723c751e8b465ee728b)  -> (artifact id: '1d73e8a39773b3bf55af3f8caaad15b5') in 0.008535 seconds 
  Import took 0.012654 seconds .

========================================================================
Received Import Request.
  Time since last request: 12.629654 seconds.
  path: Assets/Resources/ScriptableObjects/Ivents/Jack Ivents/DeadMenTellNoLies.asset
  artifactKey: Guid(f1f4fa983405e47419bde9728fab9284) Importer(815301076,1909f56bfc062723c751e8b465ee728b)
Start importing Assets/Resources/ScriptableObjects/Ivents/Jack Ivents/DeadMenTellNoLies.asset using Guid(f1f4fa983405e47419bde9728fab9284) Importer(815301076,1909f56bfc062723c751e8b465ee728b)  -> (artifact id: 'fa2671c48c079d3cae2b12e9e65ed076') in 0.003880 seconds 
  Import took 0.008135 seconds .

========================================================================
Received Import Request.
  Time since last request: 207.278761 seconds.
  path: Assets/Resources/ScriptableObjects/Ivents/Jack Ivents/FreeCheese 1.asset
  artifactKey: Guid(12401afb937f2d445b24a6e5829b334f) Importer(815301076,1909f56bfc062723c751e8b465ee728b)
Start importing Assets/Resources/ScriptableObjects/Ivents/Jack Ivents/FreeCheese 1.asset using Guid(12401afb937f2d445b24a6e5829b334f) Importer(815301076,1909f56bfc062723c751e8b465ee728b)  -> (artifact id: '539cc6f612ca7d2a7198f2109072e2cd') in 0.008241 seconds 
  Import took 0.012208 seconds .

========================================================================
Received Import Request.
  Time since last request: 1.275834 seconds.
  path: Assets/Resources/ScriptableObjects/Ivents/Jack Ivents/Links/FreeCheese 1.asset
  artifactKey: Guid(12401afb937f2d445b24a6e5829b334f) Importer(815301076,1909f56bfc062723c751e8b465ee728b)
Start importing Assets/Resources/ScriptableObjects/Ivents/Jack Ivents/Links/FreeCheese 1.asset using Guid(12401afb937f2d445b24a6e5829b334f) Importer(815301076,1909f56bfc062723c751e8b465ee728b)  -> (artifact id: '9b6da1ad169aef717db9350cc1fc39a1') in 0.004752 seconds 
  Import took 0.009063 seconds .

========================================================================
Received Import Request.
  Time since last request: 0.356705 seconds.
  path: Assets/Resources/ScriptableObjects/Ivents/Jack Ivents/Links/DeadMenTellNoLies.asset
  artifactKey: Guid(7570df9d65c594741a1dc3934a2f83b4) Importer(815301076,1909f56bfc062723c751e8b465ee728b)
Start importing Assets/Resources/ScriptableObjects/Ivents/Jack Ivents/Links/DeadMenTellNoLies.asset using Guid(7570df9d65c594741a1dc3934a2f83b4) Importer(815301076,1909f56bfc062723c751e8b465ee728b)  -> (artifact id: '3f79898d9971006595a4e79619211b32') in 0.003161 seconds 
  Import took 0.006702 seconds .

========================================================================
Received Import Request.
  Time since last request: 2.951614 seconds.
  path: Assets/Resources/ScriptableObjects/Ivents/Jack Ivents/Links/FreeCheese.asset
  artifactKey: Guid(12401afb937f2d445b24a6e5829b334f) Importer(815301076,1909f56bfc062723c751e8b465ee728b)
Start importing Assets/Resources/ScriptableObjects/Ivents/Jack Ivents/Links/FreeCheese.asset using Guid(12401afb937f2d445b24a6e5829b334f) Importer(815301076,1909f56bfc062723c751e8b465ee728b)  -> (artifact id: 'd4fc6a4530ffc295b67b49337f0688df') in 0.010015 seconds 
  Import took 0.014699 seconds .

========================================================================
Received Import Request.
  Time since last request: 365.791096 seconds.
  path: Assets/Resources/ScriptableObjects/Ivents/Jack Ivents/Links/FreeCheese.asset
  artifactKey: Guid(12401afb937f2d445b24a6e5829b334f) Importer(815301076,1909f56bfc062723c751e8b465ee728b)
Start importing Assets/Resources/ScriptableObjects/Ivents/Jack Ivents/Links/FreeCheese.asset using Guid(12401afb937f2d445b24a6e5829b334f) Importer(815301076,1909f56bfc062723c751e8b465ee728b)  -> (artifact id: 'a889d4fab6d19a70c6ec6c8adbeb0db1') in 0.004419 seconds 
  Import took 0.009448 seconds .

========================================================================
Received Import Request.
  Time since last request: 0.000256 seconds.
  path: Assets/Resources/ScriptableObjects/Ivents/Jack Ivents/Links/NightmareFuel 1.asset
  artifactKey: Guid(f0dd151d7461f6e44b32cbc1f5f4ce0d) Importer(815301076,1909f56bfc062723c751e8b465ee728b)
Start importing Assets/Resources/ScriptableObjects/Ivents/Jack Ivents/Links/NightmareFuel 1.asset using Guid(f0dd151d7461f6e44b32cbc1f5f4ce0d) Importer(815301076,1909f56bfc062723c751e8b465ee728b)  -> (artifact id: '8422d1b9e00e071651af1df51bdd1125') in 0.007994 seconds 
  Import took 0.012414 seconds .

========================================================================
Received Import Request.
  Time since last request: 32.747959 seconds.
  path: Assets/Resources/ScriptableObjects/Ivents/Jack Ivents/NightmareFuel 1.asset
  artifactKey: Guid(f0dd151d7461f6e44b32cbc1f5f4ce0d) Importer(815301076,1909f56bfc062723c751e8b465ee728b)
Start importing Assets/Resources/ScriptableObjects/Ivents/Jack Ivents/NightmareFuel 1.asset using Guid(f0dd151d7461f6e44b32cbc1f5f4ce0d) Importer(815301076,1909f56bfc062723c751e8b465ee728b)  -> (artifact id: 'c9ac4fd842625595bb032220330484c9') in 0.003665 seconds 
  Import took 0.007723 seconds .

========================================================================
Received Import Request.
  Time since last request: 3.717522 seconds.
  path: Assets/Resources/ScriptableObjects/Ivents/Jack Ivents/NightmareFuel.asset
  artifactKey: Guid(f0dd151d7461f6e44b32cbc1f5f4ce0d) Importer(815301076,1909f56bfc062723c751e8b465ee728b)
Start importing Assets/Resources/ScriptableObjects/Ivents/Jack Ivents/NightmareFuel.asset using Guid(f0dd151d7461f6e44b32cbc1f5f4ce0d) Importer(815301076,1909f56bfc062723c751e8b465ee728b)  -> (artifact id: 'b32ca1259c1f720e058891b20eb9bd33') in 0.003824 seconds 
  Import took 0.008203 seconds .

========================================================================
Received Import Request.
  Time since last request: 92.278923 seconds.
  path: Assets/Resources/ScriptableObjects/Ivents/Sputnik/Links
  artifactKey: Guid(87b3206c4bf71f94c8f9cf8aa4f4004d) Importer(815301076,1909f56bfc062723c751e8b465ee728b)
Start importing Assets/Resources/ScriptableObjects/Ivents/Sputnik/Links using Guid(87b3206c4bf71f94c8f9cf8aa4f4004d) Importer(815301076,1909f56bfc062723c751e8b465ee728b)  -> (artifact id: '2a42d8d74e8b6e6b0b3c50846c9edcde') in 0.002694 seconds 
  Import took 0.006276 seconds .

========================================================================
Received Import Request.
  Time since last request: 48.932565 seconds.
  path: Assets/Resources/ScriptableObjects/Ivents/Sputnik/New Ivent.asset
  artifactKey: Guid(c32ad927bae45644fa532076b93d47e8) Importer(815301076,1909f56bfc062723c751e8b465ee728b)
Start importing Assets/Resources/ScriptableObjects/Ivents/Sputnik/New Ivent.asset using Guid(c32ad927bae45644fa532076b93d47e8) Importer(815301076,1909f56bfc062723c751e8b465ee728b)  -> (artifact id: '7d9a73d351aa55a6e3f07571fe3abf4b') in 0.007841 seconds 
  Import took 0.011723 seconds .

========================================================================
Received Import Request.
  Time since last request: 13.130330 seconds.
  path: Assets/Resources/ScriptableObjects/Ivents/Sputnik/WoundedGasGanger.asset
  artifactKey: Guid(c32ad927bae45644fa532076b93d47e8) Importer(815301076,1909f56bfc062723c751e8b465ee728b)
Start importing Assets/Resources/ScriptableObjects/Ivents/Sputnik/WoundedGasGanger.asset using Guid(c32ad927bae45644fa532076b93d47e8) Importer(815301076,1909f56bfc062723c751e8b465ee728b)  -> (artifact id: '7453b113a491950028809e5235574653') in 0.009507 seconds 
  Import took 0.014710 seconds .

========================================================================
Received Import Request.
  Time since last request: 317.765662 seconds.
  path: Assets/Resources/ScriptableObjects/Ivents/Sputnik/WoundedGasGanger 1.asset
  artifactKey: Guid(02e8b93504ee3bf43a34bf4c81f5306d) Importer(815301076,1909f56bfc062723c751e8b465ee728b)
Start importing Assets/Resources/ScriptableObjects/Ivents/Sputnik/WoundedGasGanger 1.asset using Guid(02e8b93504ee3bf43a34bf4c81f5306d) Importer(815301076,1909f56bfc062723c751e8b465ee728b)  -> (artifact id: '030205c903a3f6d83bbe815a889fbf16') in 0.008821 seconds 
  Import took 0.013248 seconds .

========================================================================
Received Import Request.
  Time since last request: 0.000217 seconds.
  path: Assets/Resources/ScriptableObjects/Ivents/Sputnik/WoundedGasGanger.asset
  artifactKey: Guid(c32ad927bae45644fa532076b93d47e8) Importer(815301076,1909f56bfc062723c751e8b465ee728b)
Start importing Assets/Resources/ScriptableObjects/Ivents/Sputnik/WoundedGasGanger.asset using Guid(c32ad927bae45644fa532076b93d47e8) Importer(815301076,1909f56bfc062723c751e8b465ee728b)  -> (artifact id: '827c56c168c84fc2be0deb7535409be1') in 0.003828 seconds 
  Import took 0.007809 seconds .

========================================================================
Received Import Request.
  Time since last request: 1.942933 seconds.
  path: Assets/Resources/ScriptableObjects/Ivents/Sputnik/Links/WoundedGasGanger 1.asset
  artifactKey: Guid(02e8b93504ee3bf43a34bf4c81f5306d) Importer(815301076,1909f56bfc062723c751e8b465ee728b)
Start importing Assets/Resources/ScriptableObjects/Ivents/Sputnik/Links/WoundedGasGanger 1.asset using Guid(02e8b93504ee3bf43a34bf4c81f5306d) Importer(815301076,1909f56bfc062723c751e8b465ee728b)  -> (artifact id: '956b85ab8f051f6a8929a9efae74fe95') in 0.004109 seconds 
  Import took 0.008636 seconds .

========================================================================
Received Import Request.
  Time since last request: 5.930533 seconds.
  path: Assets/Resources/ScriptableObjects/Ivents/Sputnik/Links/WoundedGasGanger.asset
  artifactKey: Guid(02e8b93504ee3bf43a34bf4c81f5306d) Importer(815301076,1909f56bfc062723c751e8b465ee728b)
Start importing Assets/Resources/ScriptableObjects/Ivents/Sputnik/Links/WoundedGasGanger.asset using Guid(02e8b93504ee3bf43a34bf4c81f5306d) Importer(815301076,1909f56bfc062723c751e8b465ee728b)  -> (artifact id: 'fe9ca3af064956db4ed4bffee42f5456') in 0.003429 seconds 
  Import took 0.007250 seconds .

========================================================================
Received Import Request.
  Time since last request: 52.598732 seconds.
  path: Assets/Resources/ScriptableObjects/Ivents/Sputnik/DeepLake.asset
  artifactKey: Guid(181bb5c51ba5d204684410ca0cd625d9) Importer(815301076,1909f56bfc062723c751e8b465ee728b)
Start importing Assets/Resources/ScriptableObjects/Ivents/Sputnik/DeepLake.asset using Guid(181bb5c51ba5d204684410ca0cd625d9) Importer(815301076,1909f56bfc062723c751e8b465ee728b)  -> (artifact id: 'dee5fdbfbf7159dd5405ffe4621cc3b1') in 0.008546 seconds 
  Import took 0.013283 seconds .

========================================================================
Received Import Request.
  Time since last request: 12.224440 seconds.
  path: Assets/Resources/ScriptableObjects/Ivents/Sputnik/DeepLake.asset
  artifactKey: Guid(181bb5c51ba5d204684410ca0cd625d9) Importer(815301076,1909f56bfc062723c751e8b465ee728b)
Start importing Assets/Resources/ScriptableObjects/Ivents/Sputnik/DeepLake.asset using Guid(181bb5c51ba5d204684410ca0cd625d9) Importer(815301076,1909f56bfc062723c751e8b465ee728b)  -> (artifact id: 'f589fd8484ff7a45b64e4d7e1c55b225') in 0.005446 seconds 
  Import took 0.011519 seconds .

========================================================================
Received Import Request.
  Time since last request: 202.641121 seconds.
  path: Assets/Resources/ScriptableObjects/Ivents/Sputnik/New Ivent.asset
  artifactKey: Guid(bf7513a95237e3245a70c8f753ad31df) Importer(815301076,1909f56bfc062723c751e8b465ee728b)
Start importing Assets/Resources/ScriptableObjects/Ivents/Sputnik/New Ivent.asset using Guid(bf7513a95237e3245a70c8f753ad31df) Importer(815301076,1909f56bfc062723c751e8b465ee728b)  -> (artifact id: 'dfb8543d3004b452a5b073cd180c1bba') in 0.008847 seconds 
  Import took 0.013978 seconds .

========================================================================
Received Import Request.
  Time since last request: 11.527223 seconds.
  path: Assets/Resources/ScriptableObjects/Ivents/Sputnik/CorneredBeast.asset
  artifactKey: Guid(bf7513a95237e3245a70c8f753ad31df) Importer(815301076,1909f56bfc062723c751e8b465ee728b)
Start importing Assets/Resources/ScriptableObjects/Ivents/Sputnik/CorneredBeast.asset using Guid(bf7513a95237e3245a70c8f753ad31df) Importer(815301076,1909f56bfc062723c751e8b465ee728b)  -> (artifact id: 'ca77993133569d476a04fc5820b5b945') in 0.009788 seconds 
  Import took 0.014602 seconds .

========================================================================
Received Import Request.
  Time since last request: 62.526222 seconds.
  path: Assets/Resources/ScriptableObjects/Ivents/Sputnik/CorneredBeast.asset
  artifactKey: Guid(bf7513a95237e3245a70c8f753ad31df) Importer(815301076,1909f56bfc062723c751e8b465ee728b)
Start importing Assets/Resources/ScriptableObjects/Ivents/Sputnik/CorneredBeast.asset using Guid(bf7513a95237e3245a70c8f753ad31df) Importer(815301076,1909f56bfc062723c751e8b465ee728b)  -> (artifact id: 'a7930f9a7aadbffe400b0592d3c8a1e3') in 0.003613 seconds 
  Import took 0.007406 seconds .

========================================================================
Received Import Request.
  Time since last request: 0.000202 seconds.
  path: Assets/Resources/ScriptableObjects/Ivents/Sputnik/DeepLake.asset
  artifactKey: Guid(181bb5c51ba5d204684410ca0cd625d9) Importer(815301076,1909f56bfc062723c751e8b465ee728b)
Start importing Assets/Resources/ScriptableObjects/Ivents/Sputnik/DeepLake.asset using Guid(181bb5c51ba5d204684410ca0cd625d9) Importer(815301076,1909f56bfc062723c751e8b465ee728b)  -> (artifact id: '4361a53b499dde0f6350163199086361') in 0.003400 seconds 
  Import took 0.006835 seconds .

========================================================================
Received Import Request.
  Time since last request: 59.146693 seconds.
  path: Assets/Resources/ScriptableObjects/Ivents/Sputnik/NoFarmNoHoul.asset
  artifactKey: Guid(a8232004b553b334eb64ce05a46327b8) Importer(815301076,1909f56bfc062723c751e8b465ee728b)
Start importing Assets/Resources/ScriptableObjects/Ivents/Sputnik/NoFarmNoHoul.asset using Guid(a8232004b553b334eb64ce05a46327b8) Importer(815301076,1909f56bfc062723c751e8b465ee728b)  -> (artifact id: 'bcbe4b376a8136f954d644990833590d') in 0.017147 seconds 
  Import took 0.021074 seconds .

========================================================================
Received Import Request.
  Time since last request: 119.670934 seconds.
  path: Assets/Resources/ScriptableObjects/Ivents/Sputnik/Vultures.asset
  artifactKey: Guid(8847ebe2f2f7e7344b56c764291f99b9) Importer(815301076,1909f56bfc062723c751e8b465ee728b)
Start importing Assets/Resources/ScriptableObjects/Ivents/Sputnik/Vultures.asset using Guid(8847ebe2f2f7e7344b56c764291f99b9) Importer(815301076,1909f56bfc062723c751e8b465ee728b)  -> (artifact id: 'bba50f118745eed34f76eb8c78c10d7e') in 0.009847 seconds 
  Import took 0.014581 seconds .

========================================================================
Received Import Request.
  Time since last request: 410.522691 seconds.
  path: Assets/Resources/ScriptableObjects/Ivents/Sputnik/Mysterious.asset
  artifactKey: Guid(41a25d79d9e2829439dc684c9f95ea20) Importer(815301076,1909f56bfc062723c751e8b465ee728b)
Start importing Assets/Resources/ScriptableObjects/Ivents/Sputnik/Mysterious.asset using Guid(41a25d79d9e2829439dc684c9f95ea20) Importer(815301076,1909f56bfc062723c751e8b465ee728b)  -> (artifact id: 'ad1856f33e150493ec58aa81d1d4be21') in 0.008426 seconds 
  Import took 0.012682 seconds .

========================================================================
Received Import Request.
  Time since last request: 7.577283 seconds.
  path: Assets/Resources/ScriptableObjects/Ivents/Sputnik/MysteriousContainer.asset
  artifactKey: Guid(41a25d79d9e2829439dc684c9f95ea20) Importer(815301076,1909f56bfc062723c751e8b465ee728b)
Start importing Assets/Resources/ScriptableObjects/Ivents/Sputnik/MysteriousContainer.asset using Guid(41a25d79d9e2829439dc684c9f95ea20) Importer(815301076,1909f56bfc062723c751e8b465ee728b)  -> (artifact id: '014442358298539f4493ab0487141a08') in 0.009087 seconds 
  Import took 0.013290 seconds .

========================================================================
Received Import Request.
  Time since last request: 86.440766 seconds.
  path: Assets/Resources/ScriptableObjects/Ivents/Sputnik/MysteriousContainer.asset
  artifactKey: Guid(41a25d79d9e2829439dc684c9f95ea20) Importer(815301076,1909f56bfc062723c751e8b465ee728b)
Start importing Assets/Resources/ScriptableObjects/Ivents/Sputnik/MysteriousContainer.asset using Guid(41a25d79d9e2829439dc684c9f95ea20) Importer(815301076,1909f56bfc062723c751e8b465ee728b)  -> (artifact id: 'e47a4ae550a9933323cd9b8e6deb8700') in 0.003552 seconds 
  Import took 0.007295 seconds .

========================================================================
Received Import Request.
  Time since last request: 0.000232 seconds.
  path: Assets/Resources/ScriptableObjects/Ivents/Sputnik/NoFarmNoHoul.asset
  artifactKey: Guid(a8232004b553b334eb64ce05a46327b8) Importer(815301076,1909f56bfc062723c751e8b465ee728b)
Start importing Assets/Resources/ScriptableObjects/Ivents/Sputnik/NoFarmNoHoul.asset using Guid(a8232004b553b334eb64ce05a46327b8) Importer(815301076,1909f56bfc062723c751e8b465ee728b)  -> (artifact id: '520a1459efbffc1a8b85fc4872569f46') in 0.003461 seconds 
  Import took 0.007020 seconds .

========================================================================
Received Import Request.
  Time since last request: 0.000195 seconds.
  path: Assets/Resources/ScriptableObjects/Ivents/Sputnik/Vultures.asset
  artifactKey: Guid(8847ebe2f2f7e7344b56c764291f99b9) Importer(815301076,1909f56bfc062723c751e8b465ee728b)
Start importing Assets/Resources/ScriptableObjects/Ivents/Sputnik/Vultures.asset using Guid(8847ebe2f2f7e7344b56c764291f99b9) Importer(815301076,1909f56bfc062723c751e8b465ee728b)  -> (artifact id: '6bd64f93cdbe865396f184cfed0425ee') in 0.003387 seconds 
  Import took 0.006831 seconds .

========================================================================
Received Import Request.
  Time since last request: 35.167343 seconds.
  path: Assets/Resources/ScriptableObjects/Ivents/Sputnik/New Ivent.asset
  artifactKey: Guid(93bca79f901171045b36df06316d2f2b) Importer(815301076,1909f56bfc062723c751e8b465ee728b)
Start importing Assets/Resources/ScriptableObjects/Ivents/Sputnik/New Ivent.asset using Guid(93bca79f901171045b36df06316d2f2b) Importer(815301076,1909f56bfc062723c751e8b465ee728b)  -> (artifact id: 'b000eddd0c201a2b59a2cd4fd0c19fc4') in 0.003722 seconds 
  Import took 0.008728 seconds .

========================================================================
Received Import Request.
  Time since last request: 11.196555 seconds.
  path: Assets/Resources/ScriptableObjects/Ivents/Sputnik/RaisKindness.asset
  artifactKey: Guid(93bca79f901171045b36df06316d2f2b) Importer(815301076,1909f56bfc062723c751e8b465ee728b)
Start importing Assets/Resources/ScriptableObjects/Ivents/Sputnik/RaisKindness.asset using Guid(93bca79f901171045b36df06316d2f2b) Importer(815301076,1909f56bfc062723c751e8b465ee728b)  -> (artifact id: 'a716e6752c21aecdbb6ae377b4c787b0') in 0.009802 seconds 
  Import took 0.014514 seconds .

========================================================================
Received Import Request.
  Time since last request: 105.415765 seconds.
  path: Assets/Resources/ScriptableObjects/Ivents/Sputnik/VengefulPirate.asset
  artifactKey: Guid(225d301b3acc0ac4ca9bc05050ebfa9e) Importer(815301076,1909f56bfc062723c751e8b465ee728b)
Start importing Assets/Resources/ScriptableObjects/Ivents/Sputnik/VengefulPirate.asset using Guid(225d301b3acc0ac4ca9bc05050ebfa9e) Importer(815301076,1909f56bfc062723c751e8b465ee728b)  -> (artifact id: 'd58842b210e7861718bc1a6f5e75faf7') in 0.009686 seconds 
  Import took 0.014557 seconds .

========================================================================
Received Import Request.
  Time since last request: 205.851929 seconds.
  path: Assets/Resources/ScriptableObjects/Ivents/Sputnik/DeepLake 1.asset
  artifactKey: Guid(6f4a259537b96d04aad4e2e410d0fd06) Importer(815301076,1909f56bfc062723c751e8b465ee728b)
Start importing Assets/Resources/ScriptableObjects/Ivents/Sputnik/DeepLake 1.asset using Guid(6f4a259537b96d04aad4e2e410d0fd06) Importer(815301076,1909f56bfc062723c751e8b465ee728b)  -> (artifact id: '57becd72293b1b27b0c09266665ccc20') in 0.007999 seconds 
  Import took 0.011850 seconds .

========================================================================
Received Import Request.
  Time since last request: 0.000207 seconds.
  path: Assets/Resources/ScriptableObjects/Ivents/Sputnik/RaisKindness.asset
  artifactKey: Guid(93bca79f901171045b36df06316d2f2b) Importer(815301076,1909f56bfc062723c751e8b465ee728b)
Start importing Assets/Resources/ScriptableObjects/Ivents/Sputnik/RaisKindness.asset using Guid(93bca79f901171045b36df06316d2f2b) Importer(815301076,1909f56bfc062723c751e8b465ee728b)  -> (artifact id: '36b24269f69a920a08f70b3afeab73c3') in 0.003967 seconds 
  Import took 0.007941 seconds .

========================================================================
Received Import Request.
  Time since last request: 0.000227 seconds.
  path: Assets/Resources/ScriptableObjects/Ivents/Sputnik/MysteriousContainer.asset
  artifactKey: Guid(41a25d79d9e2829439dc684c9f95ea20) Importer(815301076,1909f56bfc062723c751e8b465ee728b)
Start importing Assets/Resources/ScriptableObjects/Ivents/Sputnik/MysteriousContainer.asset using Guid(41a25d79d9e2829439dc684c9f95ea20) Importer(815301076,1909f56bfc062723c751e8b465ee728b)  -> (artifact id: 'b9c4d456adffefed3ccb96d710c40102') in 0.003406 seconds 
  Import took 0.007445 seconds .

========================================================================
Received Import Request.
  Time since last request: 0.000188 seconds.
  path: Assets/Resources/ScriptableObjects/Ivents/Sputnik/VengefulPirate.asset
  artifactKey: Guid(225d301b3acc0ac4ca9bc05050ebfa9e) Importer(815301076,1909f56bfc062723c751e8b465ee728b)
Start importing Assets/Resources/ScriptableObjects/Ivents/Sputnik/VengefulPirate.asset using Guid(225d301b3acc0ac4ca9bc05050ebfa9e) Importer(815301076,1909f56bfc062723c751e8b465ee728b)  -> (artifact id: 'a4da45d74ab3d720b9bf8ca78d38c054') in 0.003634 seconds 
  Import took 0.007070 seconds .

========================================================================
Received Import Request.
  Time since last request: 1.403655 seconds.
  path: Assets/Resources/ScriptableObjects/Ivents/Sputnik/Links/DeepLake 1.asset
  artifactKey: Guid(6f4a259537b96d04aad4e2e410d0fd06) Importer(815301076,1909f56bfc062723c751e8b465ee728b)
Start importing Assets/Resources/ScriptableObjects/Ivents/Sputnik/Links/DeepLake 1.asset using Guid(6f4a259537b96d04aad4e2e410d0fd06) Importer(815301076,1909f56bfc062723c751e8b465ee728b)  -> (artifact id: 'd4e8832b846ad55f8f334d95f0bdad1b') in 0.003921 seconds 
  Import took 0.008231 seconds .

========================================================================
Received Import Request.
  Time since last request: 6.507971 seconds.
  path: Assets/Resources/ScriptableObjects/Ivents/Sputnik/Links/DeepLake.asset
  artifactKey: Guid(6f4a259537b96d04aad4e2e410d0fd06) Importer(815301076,1909f56bfc062723c751e8b465ee728b)
Start importing Assets/Resources/ScriptableObjects/Ivents/Sputnik/Links/DeepLake.asset using Guid(6f4a259537b96d04aad4e2e410d0fd06) Importer(815301076,1909f56bfc062723c751e8b465ee728b)  -> (artifact id: 'a1ed3abff345b159c998d7d8fe434214') in 0.004007 seconds 
  Import took 0.008302 seconds .

========================================================================
Received Import Request.
  Time since last request: 93.574470 seconds.
  path: Assets/Resources/ScriptableObjects/Ivents/Sputnik/RaysKindness.asset
  artifactKey: Guid(93bca79f901171045b36df06316d2f2b) Importer(815301076,1909f56bfc062723c751e8b465ee728b)
Start importing Assets/Resources/ScriptableObjects/Ivents/Sputnik/RaysKindness.asset using Guid(93bca79f901171045b36df06316d2f2b) Importer(815301076,1909f56bfc062723c751e8b465ee728b)  -> (artifact id: '1d4f3301d05ca02bb6155723e78e007c') in 0.007898 seconds 
  Import took 0.012086 seconds .

========================================================================
Received Import Request.
  Time since last request: 4.611845 seconds.
  path: Assets/Resources/ScriptableObjects/Ivents/Sputnik/RaysKindness 1.asset
  artifactKey: Guid(54519d0e817940e449b2a8dff64bb71c) Importer(815301076,1909f56bfc062723c751e8b465ee728b)
Start importing Assets/Resources/ScriptableObjects/Ivents/Sputnik/RaysKindness 1.asset using Guid(54519d0e817940e449b2a8dff64bb71c) Importer(815301076,1909f56bfc062723c751e8b465ee728b)  -> (artifact id: 'af3af807f105a7d4e3bb3efb59cce198') in 0.008058 seconds 
  Import took 0.012007 seconds .

========================================================================
Received Import Request.
  Time since last request: 1.682571 seconds.
  path: Assets/Resources/ScriptableObjects/Ivents/Sputnik/Links/RaysKindness 1.asset
  artifactKey: Guid(54519d0e817940e449b2a8dff64bb71c) Importer(815301076,1909f56bfc062723c751e8b465ee728b)
Start importing Assets/Resources/ScriptableObjects/Ivents/Sputnik/Links/RaysKindness 1.asset using Guid(54519d0e817940e449b2a8dff64bb71c) Importer(815301076,1909f56bfc062723c751e8b465ee728b)  -> (artifact id: 'dac4b42fa03933f1a3ecc9cc57a3a263') in 0.003848 seconds 
  Import took 0.008390 seconds .

========================================================================
Received Import Request.
  Time since last request: 0.640729 seconds.
  path: Assets/Resources/ScriptableObjects/Ivents/Sputnik/Links/DeepLake.asset
  artifactKey: Guid(6f4a259537b96d04aad4e2e410d0fd06) Importer(815301076,1909f56bfc062723c751e8b465ee728b)
Start importing Assets/Resources/ScriptableObjects/Ivents/Sputnik/Links/DeepLake.asset using Guid(6f4a259537b96d04aad4e2e410d0fd06) Importer(815301076,1909f56bfc062723c751e8b465ee728b)  -> (artifact id: 'd3a0a5354069837e03ff2aaec2e86a9c') in 0.003306 seconds 
  Import took 0.007403 seconds .

========================================================================
Received Import Request.
  Time since last request: 2.928531 seconds.
  path: Assets/Resources/ScriptableObjects/Ivents/Sputnik/Links/RaysKindness.asset
  artifactKey: Guid(54519d0e817940e449b2a8dff64bb71c) Importer(815301076,1909f56bfc062723c751e8b465ee728b)
Start importing Assets/Resources/ScriptableObjects/Ivents/Sputnik/Links/RaysKindness.asset using Guid(54519d0e817940e449b2a8dff64bb71c) Importer(815301076,1909f56bfc062723c751e8b465ee728b)  -> (artifact id: '91a0a0d4d97cfa6f4f1960195937a16b') in 0.003852 seconds 
  Import took 0.007859 seconds .

========================================================================
Received Import Request.
  Time since last request: 90.551921 seconds.
  path: Assets/Resources/ScriptableObjects/Ivents/Sputnik/Links/RaysKindness.asset
  artifactKey: Guid(54519d0e817940e449b2a8dff64bb71c) Importer(815301076,1909f56bfc062723c751e8b465ee728b)
Start importing Assets/Resources/ScriptableObjects/Ivents/Sputnik/Links/RaysKindness.asset using Guid(54519d0e817940e449b2a8dff64bb71c) Importer(815301076,1909f56bfc062723c751e8b465ee728b)  -> (artifact id: '061734d6b5e7fbb453338d40b8060a84') in 0.003534 seconds 
  Import took 0.007643 seconds .

========================================================================
Received Prepare
Registering precompiled user dll's ...
Registered in 0.004454 seconds.
Begin MonoManager ReloadAssembly
Native extension for WindowsStandalone target not found
Refreshing native plugins compatible for Editor in 0.89 ms, found 3 plugins.
Preloading 0 native plugins for Editor in 0.00 ms.
Mono: successfully reloaded assembly
- Completed reload, in  1.309 seconds
Domain Reload Profiling:
	ReloadAssembly (1310ms)
		BeginReloadAssembly (125ms)
			ExecutionOrderSort (0ms)
			DisableScriptedObjects (8ms)
			BackupInstance (0ms)
			ReleaseScriptingObjects (0ms)
			CreateAndSetChildDomain (42ms)
		EndReloadAssembly (1113ms)
			LoadAssemblies (99ms)
			RebuildTransferFunctionScriptingTraits (0ms)
			SetupTypeCache (313ms)
			ReleaseScriptCaches (1ms)
			RebuildScriptCaches (51ms)
			SetupLoadedEditorAssemblies (527ms)
				LogAssemblyErrors (0ms)
				InitializePlatformSupportModulesInManaged (6ms)
				SetLoadedEditorAssemblies (1ms)
				RefreshPlugins (1ms)
				BeforeProcessingInitializeOnLoad (101ms)
				ProcessInitializeOnLoadAttributes (403ms)
				ProcessInitializeOnLoadMethodAttributes (6ms)
				AfterProcessingInitializeOnLoad (9ms)
				EditorAssembliesLoaded (0ms)
			ExecutionOrderSort2 (0ms)
			AwakeInstancesAfterBackupRestoration (12ms)
Platform modules already initialized, skipping
Refreshing native plugins compatible for Editor in 0.82 ms, found 3 plugins.
Preloading 0 native plugins for Editor in 0.00 ms.
Unloading 2226 Unused Serialized files (Serialized files now loaded: 0)
System memory in use before: 100.8 MB.
System memory in use after: 100.7 MB.

Unloading 21 unused Assets to reduce memory usage. Loaded Objects now: 2678.
Total: 3.673400 ms (FindLiveObjects: 0.227400 ms CreateObjectMapping: 0.061800 ms MarkObjects: 3.215900 ms  DeleteObjects: 0.166700 ms)

AssetImportParameters requested are different than current active one (requested -> active):
  custom:framework-win-MediaFoundation: 216162199b28c13a410421893ffa2e32 -> 
  custom:video-decoder-ogg-theora: a1e56fd34408186e4bbccfd4996cb3dc -> 
  custom:container-muxer-webm: aa71ff27fc2769a1b78a27578f13a17b -> 
  custom:container-demuxer-webm: 4f35f7cbe854078d1ac9338744f61a02 -> 
  custom:container-demuxer-ogg: 62fdf1f143b41e24485cea50d1cbac27 -> 
  custom:video-encoder-webm-vp8: eb34c28f22e8b96e1ab97ce403110664 -> 
  custom:video-decoder-webm-vp8: 9c59270c3fd7afecdb556c50c9e8de78 -> 
  custom:audio-decoder-ogg-vorbis: bf7c407c2cedff20999df2af8eb42d56 -> 
  custom:audio-encoder-webm-vorbis: bf7c407c2cedff20999df2af8eb42d56 -> 
========================================================================
Received Import Request.
  Time since last request: 478.938965 seconds.
  path: Assets/Resources/ScriptableObjects/Ivents/Sputnik/Links/RaysKindness.asset
  artifactKey: Guid(54519d0e817940e449b2a8dff64bb71c) Importer(815301076,1909f56bfc062723c751e8b465ee728b)
Start importing Assets/Resources/ScriptableObjects/Ivents/Sputnik/Links/RaysKindness.asset using Guid(54519d0e817940e449b2a8dff64bb71c) Importer(815301076,1909f56bfc062723c751e8b465ee728b)  -> (artifact id: 'f37e1aac2a85df3827e8dffc8e2781ec') in 0.015711 seconds 
  Import took 0.019965 seconds .

========================================================================
Received Import Request.
  Time since last request: 37.870719 seconds.
  path: Assets/Resources/ScriptableObjects/Loot/Pills.asset
  artifactKey: Guid(2e1c00a88f2f62541bc4bdb09979208d) Importer(815301076,1909f56bfc062723c751e8b465ee728b)
Start importing Assets/Resources/ScriptableObjects/Loot/Pills.asset using Guid(2e1c00a88f2f62541bc4bdb09979208d) Importer(815301076,1909f56bfc062723c751e8b465ee728b)  -> (artifact id: '46a987daca4b1f46e150553ab9661359') in 0.008054 seconds 
  Import took 0.012044 seconds .

========================================================================
Received Prepare
Registering precompiled user dll's ...
Registered in 0.004298 seconds.
Begin MonoManager ReloadAssembly
Native extension for WindowsStandalone target not found
Refreshing native plugins compatible for Editor in 0.71 ms, found 3 plugins.
Preloading 0 native plugins for Editor in 0.00 ms.
Mono: successfully reloaded assembly
- Completed reload, in  1.342 seconds
Domain Reload Profiling:
	ReloadAssembly (1343ms)
		BeginReloadAssembly (126ms)
			ExecutionOrderSort (0ms)
			DisableScriptedObjects (9ms)
			BackupInstance (0ms)
			ReleaseScriptingObjects (0ms)
			CreateAndSetChildDomain (38ms)
		EndReloadAssembly (1137ms)
			LoadAssemblies (112ms)
			RebuildTransferFunctionScriptingTraits (0ms)
			SetupTypeCache (334ms)
			ReleaseScriptCaches (1ms)
			RebuildScriptCaches (49ms)
			SetupLoadedEditorAssemblies (523ms)
				LogAssemblyErrors (0ms)
				InitializePlatformSupportModulesInManaged (5ms)
				SetLoadedEditorAssemblies (1ms)
				RefreshPlugins (1ms)
				BeforeProcessingInitializeOnLoad (100ms)
				ProcessInitializeOnLoadAttributes (401ms)
				ProcessInitializeOnLoadMethodAttributes (6ms)
				AfterProcessingInitializeOnLoad (8ms)
				EditorAssembliesLoaded (0ms)
			ExecutionOrderSort2 (0ms)
			AwakeInstancesAfterBackupRestoration (13ms)
Platform modules already initialized, skipping
Refreshing native plugins compatible for Editor in 0.86 ms, found 3 plugins.
Preloading 0 native plugins for Editor in 0.00 ms.
Unloading 2226 Unused Serialized files (Serialized files now loaded: 0)
System memory in use before: 100.8 MB.
System memory in use after: 100.7 MB.

Unloading 21 unused Assets to reduce memory usage. Loaded Objects now: 2681.
Total: 4.024100 ms (FindLiveObjects: 0.249200 ms CreateObjectMapping: 0.058500 ms MarkObjects: 3.495000 ms  DeleteObjects: 0.219300 ms)

AssetImportParameters requested are different than current active one (requested -> active):
  custom:framework-win-MediaFoundation: 216162199b28c13a410421893ffa2e32 -> 
  custom:video-decoder-ogg-theora: a1e56fd34408186e4bbccfd4996cb3dc -> 
  custom:container-muxer-webm: aa71ff27fc2769a1b78a27578f13a17b -> 
  custom:container-demuxer-webm: 4f35f7cbe854078d1ac9338744f61a02 -> 
  custom:container-demuxer-ogg: 62fdf1f143b41e24485cea50d1cbac27 -> 
  custom:video-encoder-webm-vp8: eb34c28f22e8b96e1ab97ce403110664 -> 
  custom:video-decoder-webm-vp8: 9c59270c3fd7afecdb556c50c9e8de78 -> 
  custom:audio-decoder-ogg-vorbis: bf7c407c2cedff20999df2af8eb42d56 -> 
  custom:audio-encoder-webm-vorbis: bf7c407c2cedff20999df2af8eb42d56 -> 
